openCVsdk/build/outputs/logs/manifest-merger-debug-report.txt
-- Merging decision tree log ---
manifest
ADDED from openCVsdk\java\AndroidManifest.xml:2:1-8:12
INJECTED from openCVsdk\java\AndroidManifest.xml:2:1-8:12
INJECTED from openCVsdk\java\AndroidManifest.xml:2:1-8:12
INJECTED from openCVsdk\java\AndroidManifest.xml:2:1-8:12
INJECTED from openCVsdk\java\AndroidManifest.xml:2:1-8:12
INJECTED from openCVsdk\java\AndroidManifest.xml:2:1-8:12
INJECTED from openCVsdk\java\AndroidManifest.xml:2:1-8:12
	package
		ADDED from openCVsdk\java\AndroidManifest.xml:3:7-27
		INJECTED from openCVsdk\java\AndroidManifest.xml
		INJECTED from openCVsdk\java\AndroidManifest.xml
	android:versionName
		ADDED from openCVsdk\java\AndroidManifest.xml:5:7-34
		INJECTED from openCVsdk\java\AndroidManifest.xml
		INJECTED from openCVsdk\java\AndroidManifest.xml
	xmlns:android
		ADDED from openCVsdk\java\AndroidManifest.xml:2:11-69
	android:versionCode
		ADDED from openCVsdk\java\AndroidManifest.xml:4:7-33
		INJECTED from openCVsdk\java\AndroidManifest.xml
		INJECTED from openCVsdk\java\AndroidManifest.xml